Flow report for msystem
Mon May 02 19:56:44 2016
Quartus II 64-Bit Version 13.0.1 Build 232 06/12/2013 Service Pack 1 SJ Web Edition


---------------------
; Table of Contents ;
---------------------
  1. Legal Notice
  2. Flow Summary
  3. Flow Settings
  4. Flow Non-Default Global Settings
  5. Flow Elapsed Time
  6. Flow OS Summary
  7. Flow Log
  8. Flow Messages
  9. Flow Suppressed Messages



----------------
; Legal Notice ;
----------------
Copyright (C) 1991-2013 Altera Corporation
Your use of Altera Corporation's design tools, logic functions 
and other software and tools, and its AMPP partner logic 
functions, and any output files from any of the foregoing 
(including device programming or simulation files), and any 
associated documentation or information are expressly subject 
to the terms and conditions of the Altera Program License 
Subscription Agreement, Altera MegaCore Function License 
Agreement, or other applicable license agreement, including, 
without limitation, that your use is for the sole purpose of 
programming logic devices manufactured by Altera and sold by 
Altera or its authorized distributors.  Please refer to the 
applicable agreement for further details.



+--------------------------------------------------------------------------------------+
; Flow Summary                                                                         ;
+------------------------------------+-------------------------------------------------+
; Flow Status                        ; Successful - Mon May 02 19:56:33 2016           ;
; Quartus II 64-Bit Version          ; 13.0.1 Build 232 06/12/2013 SP 1 SJ Web Edition ;
; Revision Name                      ; msystem                                         ;
; Top-level Entity Name              ; arm4u_SoC_basic                                 ;
; Family                             ; Cyclone IV E                                    ;
; Device                             ; EP4CE22F17C6                                    ;
; Timing Models                      ; Final                                           ;
; Total logic elements               ; 5,004 / 22,320 ( 22 % )                         ;
;     Total combinational functions  ; 3,812 / 22,320 ( 17 % )                         ;
;     Dedicated logic registers      ; 2,764 / 22,320 ( 12 % )                         ;
; Total registers                    ; 2764                                            ;
; Total pins                         ; 4 / 154 ( 3 % )                                 ;
; Total virtual pins                 ; 0                                               ;
; Total memory bits                  ; 320,128 / 608,256 ( 53 % )                      ;
; Embedded Multiplier 9-bit elements ; 6 / 132 ( 5 % )                                 ;
; Total PLLs                         ; 0 / 4 ( 0 % )                                   ;
+------------------------------------+-------------------------------------------------+


+-----------------------------------------+
; Flow Settings                           ;
+-------------------+---------------------+
; Option            ; Setting             ;
+-------------------+---------------------+
; Start date & time ; 05/02/2016 19:54:51 ;
; Main task         ; Compilation         ;
; Revision Name     ; msystem             ;
+-------------------+---------------------+


+-----------------------------------------------------------------------------------------------------------------------------------------------------------------------------------------------------------------------------------------------------------------------------------------------------------------------------------------------------------------------------------------------------------------------------------------------------------------------------------------+
; Flow Non-Default Global Settings                                                                                                                                                                                                                                                                                                                                                                                                                                                        ;
+-------------------------------------+-------------------------------------------------------------------------------------------------------------------------------------------------------------------------------------------------------------------------------------------------------------------------------------------------------------------------------------------------------------------------+--------------------+---------------------------------+------------------+
; Assignment Name                     ; Value                                                                                                                                                                                                                                                                                                                                                                   ; Default Value      ; Entity Name                     ; Section Id       ;
+-------------------------------------+-------------------------------------------------------------------------------------------------------------------------------------------------------------------------------------------------------------------------------------------------------------------------------------------------------------------------------------------------------------------------+--------------------+---------------------------------+------------------+
; ALLOW_POWER_UP_DONT_CARE            ; Off                                                                                                                                                                                                                                                                                                                                                                     ; On                 ; --                              ; --               ;
; COMPILER_SIGNATURE_ID               ; 102200632297193.146224409106444                                                                                                                                                                                                                                                                                                                                         ; --                 ; --                              ; --               ;
; ENABLE_SIGNALTAP                    ; On                                                                                                                                                                                                                                                                                                                                                                      ; --                 ; --                              ; --               ;
; EXTRACT_VERILOG_STATE_MACHINES      ; Off                                                                                                                                                                                                                                                                                                                                                                     ; On                 ; --                              ; --               ;
; HDL_MESSAGE_LEVEL                   ; Level3                                                                                                                                                                                                                                                                                                                                                                  ; Level2             ; --                              ; --               ;
; IP_TOOL_ENV                         ; Qsys                                                                                                                                                                                                                                                                                                                                                                    ; --                 ; altera_avalon_sc_fifo           ; --               ;
; IP_TOOL_ENV                         ; Qsys                                                                                                                                                                                                                                                                                                                                                                    ; --                 ; altera_merlin_burst_adapter     ; --               ;
; IP_TOOL_ENV                         ; Qsys                                                                                                                                                                                                                                                                                                                                                                    ; --                 ; altera_merlin_master_agent      ; --               ;
; IP_TOOL_ENV                         ; Qsys                                                                                                                                                                                                                                                                                                                                                                    ; --                 ; altera_merlin_master_translator ; --               ;
; IP_TOOL_ENV                         ; Qsys                                                                                                                                                                                                                                                                                                                                                                    ; --                 ; altera_merlin_slave_agent       ; --               ;
; IP_TOOL_ENV                         ; Qsys                                                                                                                                                                                                                                                                                                                                                                    ; --                 ; altera_merlin_slave_translator  ; --               ;
; IP_TOOL_ENV                         ; Qsys                                                                                                                                                                                                                                                                                                                                                                    ; --                 ; altera_merlin_traffic_limiter   ; --               ;
; IP_TOOL_ENV                         ; Qsys                                                                                                                                                                                                                                                                                                                                                                    ; --                 ; altera_reset_controller         ; --               ;
; IP_TOOL_ENV                         ; Qsys                                                                                                                                                                                                                                                                                                                                                                    ; --                 ; arm4u_system                    ; --               ;
; IP_TOOL_ENV                         ; Qsys                                                                                                                                                                                                                                                                                                                                                                    ; --                 ; arm4u_system_addr_router        ; --               ;
; IP_TOOL_ENV                         ; Qsys                                                                                                                                                                                                                                                                                                                                                                    ; --                 ; arm4u_system_addr_router_001    ; --               ;
; IP_TOOL_ENV                         ; Qsys                                                                                                                                                                                                                                                                                                                                                                    ; --                 ; arm4u_system_cmd_xbar_demux     ; --               ;
; IP_TOOL_ENV                         ; Qsys                                                                                                                                                                                                                                                                                                                                                                    ; --                 ; arm4u_system_cmd_xbar_demux_001 ; --               ;
; IP_TOOL_ENV                         ; Qsys                                                                                                                                                                                                                                                                                                                                                                    ; --                 ; arm4u_system_cmd_xbar_mux       ; --               ;
; IP_TOOL_ENV                         ; Qsys                                                                                                                                                                                                                                                                                                                                                                    ; --                 ; arm4u_system_id_router          ; --               ;
; IP_TOOL_ENV                         ; Qsys                                                                                                                                                                                                                                                                                                                                                                    ; --                 ; arm4u_system_id_router_001      ; --               ;
; IP_TOOL_ENV                         ; Qsys                                                                                                                                                                                                                                                                                                                                                                    ; --                 ; arm4u_system_irq_mapper         ; --               ;
; IP_TOOL_ENV                         ; Qsys                                                                                                                                                                                                                                                                                                                                                                    ; --                 ; arm4u_system_jtag_uart0         ; --               ;
; IP_TOOL_ENV                         ; Qsys                                                                                                                                                                                                                                                                                                                                                                    ; --                 ; arm4u_system_ram0               ; --               ;
; IP_TOOL_ENV                         ; Qsys                                                                                                                                                                                                                                                                                                                                                                    ; --                 ; arm4u_system_rsp_xbar_demux     ; --               ;
; IP_TOOL_ENV                         ; Qsys                                                                                                                                                                                                                                                                                                                                                                    ; --                 ; arm4u_system_rsp_xbar_mux_001   ; --               ;
; IP_TOOL_ENV                         ; Qsys                                                                                                                                                                                                                                                                                                                                                                    ; --                 ; arm4u_system_uart0              ; --               ;
; IP_TOOL_NAME                        ; altera_avalon_sc_fifo                                                                                                                                                                                                                                                                                                                                                   ; --                 ; altera_avalon_sc_fifo           ; --               ;
; IP_TOOL_NAME                        ; altera_merlin_burst_adapter                                                                                                                                                                                                                                                                                                                                             ; --                 ; altera_merlin_burst_adapter     ; --               ;
; IP_TOOL_NAME                        ; altera_merlin_master_agent                                                                                                                                                                                                                                                                                                                                              ; --                 ; altera_merlin_master_agent      ; --               ;
; IP_TOOL_NAME                        ; altera_merlin_master_translator                                                                                                                                                                                                                                                                                                                                         ; --                 ; altera_merlin_master_translator ; --               ;
; IP_TOOL_NAME                        ; altera_merlin_slave_agent                                                                                                                                                                                                                                                                                                                                               ; --                 ; altera_merlin_slave_agent       ; --               ;
; IP_TOOL_NAME                        ; altera_merlin_slave_translator                                                                                                                                                                                                                                                                                                                                          ; --                 ; altera_merlin_slave_translator  ; --               ;
; IP_TOOL_NAME                        ; altera_merlin_traffic_limiter                                                                                                                                                                                                                                                                                                                                           ; --                 ; altera_merlin_traffic_limiter   ; --               ;
; IP_TOOL_NAME                        ; altera_reset_controller                                                                                                                                                                                                                                                                                                                                                 ; --                 ; altera_reset_controller         ; --               ;
; IP_TOOL_NAME                        ; Qsys                                                                                                                                                                                                                                                                                                                                                                    ; --                 ; arm4u_system                    ; --               ;
; IP_TOOL_NAME                        ; altera_merlin_router                                                                                                                                                                                                                                                                                                                                                    ; --                 ; arm4u_system_addr_router        ; --               ;
; IP_TOOL_NAME                        ; altera_merlin_router                                                                                                                                                                                                                                                                                                                                                    ; --                 ; arm4u_system_addr_router_001    ; --               ;
; IP_TOOL_NAME                        ; altera_merlin_demultiplexer                                                                                                                                                                                                                                                                                                                                             ; --                 ; arm4u_system_cmd_xbar_demux     ; --               ;
; IP_TOOL_NAME                        ; altera_merlin_demultiplexer                                                                                                                                                                                                                                                                                                                                             ; --                 ; arm4u_system_cmd_xbar_demux_001 ; --               ;
; IP_TOOL_NAME                        ; altera_merlin_multiplexer                                                                                                                                                                                                                                                                                                                                               ; --                 ; arm4u_system_cmd_xbar_mux       ; --               ;
; IP_TOOL_NAME                        ; altera_merlin_router                                                                                                                                                                                                                                                                                                                                                    ; --                 ; arm4u_system_id_router          ; --               ;
; IP_TOOL_NAME                        ; altera_merlin_router                                                                                                                                                                                                                                                                                                                                                    ; --                 ; arm4u_system_id_router_001      ; --               ;
; IP_TOOL_NAME                        ; altera_irq_mapper                                                                                                                                                                                                                                                                                                                                                       ; --                 ; arm4u_system_irq_mapper         ; --               ;
; IP_TOOL_NAME                        ; altera_avalon_jtag_uart                                                                                                                                                                                                                                                                                                                                                 ; --                 ; arm4u_system_jtag_uart0         ; --               ;
; IP_TOOL_NAME                        ; altera_avalon_onchip_memory2                                                                                                                                                                                                                                                                                                                                            ; --                 ; arm4u_system_ram0               ; --               ;
; IP_TOOL_NAME                        ; altera_merlin_demultiplexer                                                                                                                                                                                                                                                                                                                                             ; --                 ; arm4u_system_rsp_xbar_demux     ; --               ;
; IP_TOOL_NAME                        ; altera_merlin_multiplexer                                                                                                                                                                                                                                                                                                                                               ; --                 ; arm4u_system_rsp_xbar_mux_001   ; --               ;
; IP_TOOL_NAME                        ; altera_avalon_uart                                                                                                                                                                                                                                                                                                                                                      ; --                 ; arm4u_system_uart0              ; --               ;
; IP_TOOL_VERSION                     ; 13.0                                                                                                                                                                                                                                                                                                                                                                    ; --                 ; altera_avalon_sc_fifo           ; --               ;
; IP_TOOL_VERSION                     ; 13.0                                                                                                                                                                                                                                                                                                                                                                    ; --                 ; altera_merlin_burst_adapter     ; --               ;
; IP_TOOL_VERSION                     ; 13.0                                                                                                                                                                                                                                                                                                                                                                    ; --                 ; altera_merlin_master_agent      ; --               ;
; IP_TOOL_VERSION                     ; 13.0                                                                                                                                                                                                                                                                                                                                                                    ; --                 ; altera_merlin_master_translator ; --               ;
; IP_TOOL_VERSION                     ; 13.0                                                                                                                                                                                                                                                                                                                                                                    ; --                 ; altera_merlin_slave_agent       ; --               ;
; IP_TOOL_VERSION                     ; 13.0                                                                                                                                                                                                                                                                                                                                                                    ; --                 ; altera_merlin_slave_translator  ; --               ;
; IP_TOOL_VERSION                     ; 13.0                                                                                                                                                                                                                                                                                                                                                                    ; --                 ; altera_merlin_traffic_limiter   ; --               ;
; IP_TOOL_VERSION                     ; 13.0                                                                                                                                                                                                                                                                                                                                                                    ; --                 ; altera_reset_controller         ; --               ;
; IP_TOOL_VERSION                     ; 13.0sp1                                                                                                                                                                                                                                                                                                                                                                 ; --                 ; arm4u_system                    ; --               ;
; IP_TOOL_VERSION                     ; 13.0                                                                                                                                                                                                                                                                                                                                                                    ; --                 ; arm4u_system_addr_router        ; --               ;
; IP_TOOL_VERSION                     ; 13.0                                                                                                                                                                                                                                                                                                                                                                    ; --                 ; arm4u_system_addr_router_001    ; --               ;
; IP_TOOL_VERSION                     ; 13.0                                                                                                                                                                                                                                                                                                                                                                    ; --                 ; arm4u_system_cmd_xbar_demux     ; --               ;
; IP_TOOL_VERSION                     ; 13.0                                                                                                                                                                                                                                                                                                                                                                    ; --                 ; arm4u_system_cmd_xbar_demux_001 ; --               ;
; IP_TOOL_VERSION                     ; 13.0                                                                                                                                                                                                                                                                                                                                                                    ; --                 ; arm4u_system_cmd_xbar_mux       ; --               ;
; IP_TOOL_VERSION                     ; 13.0                                                                                                                                                                                                                                                                                                                                                                    ; --                 ; arm4u_system_id_router          ; --               ;
; IP_TOOL_VERSION                     ; 13.0                                                                                                                                                                                                                                                                                                                                                                    ; --                 ; arm4u_system_id_router_001      ; --               ;
; IP_TOOL_VERSION                     ; 13.0                                                                                                                                                                                                                                                                                                                                                                    ; --                 ; arm4u_system_irq_mapper         ; --               ;
; IP_TOOL_VERSION                     ; 13.0.1.99.2                                                                                                                                                                                                                                                                                                                                                             ; --                 ; arm4u_system_jtag_uart0         ; --               ;
; IP_TOOL_VERSION                     ; 13.0.1.99.2                                                                                                                                                                                                                                                                                                                                                             ; --                 ; arm4u_system_ram0               ; --               ;
; IP_TOOL_VERSION                     ; 13.0                                                                                                                                                                                                                                                                                                                                                                    ; --                 ; arm4u_system_rsp_xbar_demux     ; --               ;
; IP_TOOL_VERSION                     ; 13.0                                                                                                                                                                                                                                                                                                                                                                    ; --                 ; arm4u_system_rsp_xbar_mux_001   ; --               ;
; IP_TOOL_VERSION                     ; 13.0.1.99.2                                                                                                                                                                                                                                                                                                                                                             ; --                 ; arm4u_system_uart0              ; --               ;
; MAX_CORE_JUNCTION_TEMP              ; 85                                                                                                                                                                                                                                                                                                                                                                      ; --                 ; --                              ; --               ;
; MIN_CORE_JUNCTION_TEMP              ; 0                                                                                                                                                                                                                                                                                                                                                                       ; --                 ; --                              ; --               ;
; MISC_FILE                           ; soc/arm4u_system/synthesis/../../arm4u_system.cmp                                                                                                                                                                                                                                                                                                                       ; --                 ; --                              ; --               ;
; MISC_FILE                           ; soc/arm4u_system/synthesis/../../arm4u_system.qsys                                                                                                                                                                                                                                                                                                                      ; --                 ; --                              ; --               ;
; OPTIMIZE_POWER_DURING_SYNTHESIS     ; Off                                                                                                                                                                                                                                                                                                                                                                     ; Normal compilation ; --                              ; --               ;
; OUTPUT_IO_TIMING_FAR_END_VMEAS      ; Half Signal Swing                                                                                                                                                                                                                                                                                                                                                       ; --                 ; --                              ; --               ;
; OUTPUT_IO_TIMING_FAR_END_VMEAS      ; Half Signal Swing                                                                                                                                                                                                                                                                                                                                                       ; --                 ; --                              ; --               ;
; OUTPUT_IO_TIMING_NEAR_END_VMEAS     ; Half Vccio                                                                                                                                                                                                                                                                                                                                                              ; --                 ; --                              ; --               ;
; OUTPUT_IO_TIMING_NEAR_END_VMEAS     ; Half Vccio                                                                                                                                                                                                                                                                                                                                                              ; --                 ; --                              ; --               ;
; PARTITION_COLOR                     ; 16764057                                                                                                                                                                                                                                                                                                                                                                ; --                 ; arm4u_SoC_basic                 ; Top              ;
; PARTITION_FITTER_PRESERVATION_LEVEL ; PLACEMENT_AND_ROUTING                                                                                                                                                                                                                                                                                                                                                   ; --                 ; arm4u_SoC_basic                 ; Top              ;
; PARTITION_NETLIST_TYPE              ; SOURCE                                                                                                                                                                                                                                                                                                                                                                  ; --                 ; arm4u_SoC_basic                 ; Top              ;
; PHYSICAL_SYNTHESIS_COMBO_LOGIC      ; On                                                                                                                                                                                                                                                                                                                                                                      ; Off                ; --                              ; --               ;
; POWER_BOARD_THERMAL_MODEL           ; None (CONSERVATIVE)                                                                                                                                                                                                                                                                                                                                                     ; --                 ; --                              ; --               ;
; POWER_PRESET_COOLING_SOLUTION       ; 23 MM HEAT SINK WITH 200 LFPM AIRFLOW                                                                                                                                                                                                                                                                                                                                   ; --                 ; --                              ; --               ;
; SEARCH_PATH                         ; ../vlog/tb                                                                                                                                                                                                                                                                                                                                                              ; --                 ; --                              ; --               ;
; SEARCH_PATH                         ; ../vlog/amber23                                                                                                                                                                                                                                                                                                                                                         ; --                 ; --                              ; --               ;
; SEARCH_PATH                         ; ../vlog/system                                                                                                                                                                                                                                                                                                                                                          ; --                 ; --                              ; --               ;
; SEARCH_PATH                         ; ../vlog/sdram/sdr_ctrl/trunk/rtl/core                                                                                                                                                                                                                                                                                                                                   ; --                 ; --                              ; --               ;
; SEARCH_PATH                         ; sram/                                                                                                                                                                                                                                                                                                                                                                   ; --                 ; --                              ; --               ;
; SEARCH_PATH                         ; vlog/amber23/                                                                                                                                                                                                                                                                                                                                                           ; --                 ; --                              ; --               ;
; SEARCH_PATH                         ; vlog/gpio/                                                                                                                                                                                                                                                                                                                                                              ; --                 ; --                              ; --               ;
; SEARCH_PATH                         ; vlog/lib/                                                                                                                                                                                                                                                                                                                                                               ; --                 ; --                              ; --               ;
; SEARCH_PATH                         ; vlog/sdram/wb_sdram_ctrl/                                                                                                                                                                                                                                                                                                                                               ; --                 ; --                              ; --               ;
; SEARCH_PATH                         ; vlog/simplegpio/                                                                                                                                                                                                                                                                                                                                                        ; --                 ; --                              ; --               ;
; SEARCH_PATH                         ; vlog/system/                                                                                                                                                                                                                                                                                                                                                            ; --                 ; --                              ; --               ;
; SEARCH_PATH                         ; vlog/tb/                                                                                                                                                                                                                                                                                                                                                                ; --                 ; --                              ; --               ;
; SEARCH_PATH                         ; vlog/tiny_spi/rtl/verilog/                                                                                                                                                                                                                                                                                                                                              ; --                 ; --                              ; --               ;
; SLD_FILE                            ; stp1_auto_stripped.stp"p                                                                                                                                                                                                                                                                                                                                                ; --                 ; --                              ; --               ;
; SLD_FILE                            ; D:/arm4u-soc2/spi0_auto_stripped.stp                                                                                                                                                                                                                                                                                                                                    ; --                 ; --                              ; --               ;
; SLD_INFO                            ; QSYS_NAME arm4u_system HAS_SOPCINFO 1 GENERATION_ID 1462243866                                                                                                                                                                                                                                                                                                          ; --                 ; arm4u_system                    ; --               ;
; SLD_NODE_CREATOR_ID                 ; 110                                                                                                                                                                                                                                                                                                                                                                     ; --                 ; --                              ; auto_signaltap_0 ;
; SLD_NODE_ENTITY_NAME                ; sld_signaltap                                                                                                                                                                                                                                                                                                                                                           ; --                 ; --                              ; auto_signaltap_0 ;
; SLD_NODE_PARAMETER_ASSIGNMENT       ; SLD_NODE_INFO=805334528                                                                                                                                                                                                                                                                                                                                                 ; --                 ; --                              ; auto_signaltap_0 ;
; SLD_NODE_PARAMETER_ASSIGNMENT       ; SLD_POWER_UP_TRIGGER=0                                                                                                                                                                                                                                                                                                                                                  ; --                 ; --                              ; auto_signaltap_0 ;
; SLD_NODE_PARAMETER_ASSIGNMENT       ; SLD_STORAGE_QUALIFIER_INVERSION_MASK_LENGTH=0                                                                                                                                                                                                                                                                                                                           ; --                 ; --                              ; auto_signaltap_0 ;
; SLD_NODE_PARAMETER_ASSIGNMENT       ; SLD_ATTRIBUTE_MEM_MODE=OFF                                                                                                                                                                                                                                                                                                                                              ; --                 ; --                              ; auto_signaltap_0 ;
; SLD_NODE_PARAMETER_ASSIGNMENT       ; SLD_STATE_FLOW_USE_GENERATED=0                                                                                                                                                                                                                                                                                                                                          ; --                 ; --                              ; auto_signaltap_0 ;
; SLD_NODE_PARAMETER_ASSIGNMENT       ; SLD_STATE_BITS=11                                                                                                                                                                                                                                                                                                                                                       ; --                 ; --                              ; auto_signaltap_0 ;
; SLD_NODE_PARAMETER_ASSIGNMENT       ; SLD_BUFFER_FULL_STOP=1                                                                                                                                                                                                                                                                                                                                                  ; --                 ; --                              ; auto_signaltap_0 ;
; SLD_NODE_PARAMETER_ASSIGNMENT       ; SLD_CURRENT_RESOURCE_WIDTH=1                                                                                                                                                                                                                                                                                                                                            ; --                 ; --                              ; auto_signaltap_0 ;
; SLD_NODE_PARAMETER_ASSIGNMENT       ; SLD_TRIGGER_LEVEL=1                                                                                                                                                                                                                                                                                                                                                     ; --                 ; --                              ; auto_signaltap_0 ;
; SLD_NODE_PARAMETER_ASSIGNMENT       ; SLD_ADVANCED_TRIGGER_ENTITY=basic,1,                                                                                                                                                                                                                                                                                                                                    ; --                 ; --                              ; auto_signaltap_0 ;
; SLD_NODE_PARAMETER_ASSIGNMENT       ; SLD_TRIGGER_LEVEL_PIPELINE=1                                                                                                                                                                                                                                                                                                                                            ; --                 ; --                              ; auto_signaltap_0 ;
; SLD_NODE_PARAMETER_ASSIGNMENT       ; SLD_ENABLE_ADVANCED_TRIGGER=0                                                                                                                                                                                                                                                                                                                                           ; --                 ; --                              ; auto_signaltap_0 ;
; SLD_NODE_PARAMETER_ASSIGNMENT       ; SLD_TRIGGER_IN_ENABLED=0                                                                                                                                                                                                                                                                                                                                                ; --                 ; --                              ; auto_signaltap_0 ;
; SLD_NODE_PARAMETER_ASSIGNMENT       ; SLD_DATA_BITS=105                                                                                                                                                                                                                                                                                                                                                       ; --                 ; --                              ; auto_signaltap_0 ;
; SLD_NODE_PARAMETER_ASSIGNMENT       ; SLD_TRIGGER_BITS=105                                                                                                                                                                                                                                                                                                                                                    ; --                 ; --                              ; auto_signaltap_0 ;
; SLD_NODE_PARAMETER_ASSIGNMENT       ; SLD_NODE_CRC_LOWORD=65158                                                                                                                                                                                                                                                                                                                                               ; --                 ; --                              ; auto_signaltap_0 ;
; SLD_NODE_PARAMETER_ASSIGNMENT       ; SLD_INVERSION_MASK=0000000000000000000000000000000000000000000000000000000000000000000000000000000000000000000000000000000000000000000000000000000000000000000000000000000000000000000000000000000000000000000000000000000000000000000000000000000000000000000000000000000000000000000000000000000000000000000000000000000000000000000000000000000000000000000000000000 ; --                 ; --                              ; auto_signaltap_0 ;
; SLD_NODE_PARAMETER_ASSIGNMENT       ; SLD_INVERSION_MASK_LENGTH=340                                                                                                                                                                                                                                                                                                                                           ; --                 ; --                              ; auto_signaltap_0 ;
; SLD_NODE_PARAMETER_ASSIGNMENT       ; SLD_SEGMENT_SIZE=2048                                                                                                                                                                                                                                                                                                                                                   ; --                 ; --                              ; auto_signaltap_0 ;
; SLD_NODE_PARAMETER_ASSIGNMENT       ; SLD_NODE_CRC_HIWORD=52381                                                                                                                                                                                                                                                                                                                                               ; --                 ; --                              ; auto_signaltap_0 ;
; SLD_NODE_PARAMETER_ASSIGNMENT       ; SLD_SAMPLE_DEPTH=2048                                                                                                                                                                                                                                                                                                                                                   ; --                 ; --                              ; auto_signaltap_0 ;
; SOPCINFO_FILE                       ; soc/arm4u_system/synthesis/../../arm4u_system.sopcinfo                                                                                                                                                                                                                                                                                                                  ; --                 ; --                              ; --               ;
; SYNTHESIS_ONLY_QIP                  ; On                                                                                                                                                                                                                                                                                                                                                                      ; --                 ; --                              ; --               ;
; TOP_LEVEL_ENTITY                    ; arm4u_SoC_basic                                                                                                                                                                                                                                                                                                                                                         ; msystem            ; --                              ; --               ;
; USE_SIGNALTAP_FILE                  ; spi0.stp                                                                                                                                                                                                                                                                                                                                                                ; --                 ; --                              ; --               ;
; VERILOG_INPUT_VERSION               ; SystemVerilog_2005                                                                                                                                                                                                                                                                                                                                                      ; Verilog_2001       ; --                              ; --               ;
; VERILOG_MACRO                       ; MARSOHOD2=1                                                                                                                                                                                                                                                                                                                                                             ; --                 ; --                              ; --               ;
; VERILOG_MACRO                       ; SDRAM_ISSI=0                                                                                                                                                                                                                                                                                                                                                            ; --                 ; --                              ; --               ;
; VERILOG_MACRO                       ; NOMEMORY=0                                                                                                                                                                                                                                                                                                                                                              ; --                 ; --                              ; --               ;
; VERILOG_MACRO                       ; ALTERAMEM=1                                                                                                                                                                                                                                                                                                                                                             ; --                 ; --                              ; --               ;
; VERILOG_MACRO                       ; SDRAM=1                                                                                                                                                                                                                                                                                                                                                                 ; --                 ; --                              ; --               ;
; VERILOG_MACRO                       ; AMBER_UART_BAUD=921600                                                                                                                                                                                                                                                                                                                                                  ; --                 ; --                              ; --               ;
; VERILOG_SHOW_LMF_MAPPING_MESSAGES   ; Off                                                                                                                                                                                                                                                                                                                                                                     ; --                 ; --                              ; --               ;
+-------------------------------------+-------------------------------------------------------------------------------------------------------------------------------------------------------------------------------------------------------------------------------------------------------------------------------------------------------------------------------------------------------------------------+--------------------+---------------------------------+------------------+


+-------------------------------------------------------------------------------------------------------------------------------+
; Flow Elapsed Time                                                                                                             ;
+---------------------------+--------------+-------------------------+---------------------+------------------------------------+
; Module Name               ; Elapsed Time ; Average Processors Used ; Peak Virtual Memory ; Total CPU Time (on all processors) ;
+---------------------------+--------------+-------------------------+---------------------+------------------------------------+
; Analysis & Synthesis      ; 00:00:47     ; 1.0                     ; 655 MB              ; 00:00:43                           ;
; Fitter                    ; 00:00:43     ; 1.3                     ; 1224 MB             ; 00:00:49                           ;
; Assembler                 ; 00:00:03     ; 1.0                     ; 435 MB              ; 00:00:03                           ;
; TimeQuest Timing Analyzer ; 00:00:09     ; 1.0                     ; 569 MB              ; 00:00:08                           ;
; Total                     ; 00:01:42     ; --                      ; --                  ; 00:01:43                           ;
+---------------------------+--------------+-------------------------+---------------------+------------------------------------+


+----------------------------------------------------------------------------------------+
; Flow OS Summary                                                                        ;
+---------------------------+------------------+-----------+------------+----------------+
; Module Name               ; Machine Hostname ; OS Name   ; OS Version ; Processor type ;
+---------------------------+------------------+-----------+------------+----------------+
; Analysis & Synthesis      ; jh-PC            ; Windows 7 ; 6.1        ; x86_64         ;
; Fitter                    ; jh-PC            ; Windows 7 ; 6.1        ; x86_64         ;
; Assembler                 ; jh-PC            ; Windows 7 ; 6.1        ; x86_64         ;
; TimeQuest Timing Analyzer ; jh-PC            ; Windows 7 ; 6.1        ; x86_64         ;
+---------------------------+------------------+-----------+------------+----------------+


------------
; Flow Log ;
------------
quartus_map --read_settings_files=on --write_settings_files=off mARM -c msystem
quartus_fit --read_settings_files=off --write_settings_files=off mARM -c msystem
quartus_asm --read_settings_files=off --write_settings_files=off mARM -c msystem
quartus_sta mARM -c msystem



